<?xml version="1.0" encoding="UTF-8"?>
<testsuite xmlns:xsi="http://www.w3.org/2001/XMLSchema-instance" xsi:noNamespaceSchemaLocation="https://maven.apache.org/surefire/maven-surefire-plugin/xsd/surefire-test-report.xsd" name="com.restaurante.dao.EmpresaPessoaRepositoryTest" time="0.004" tests="3" errors="0" skipped="0" failures="0">
  <properties>
[...]
</properties>
  <testcase name="updateShouldChangeAndPersistData" classname="com.restaurante.dao.EmpresaPessoaRepositoryTest" time="0.001"/>
  <testcase name="createdShouldPersistData" classname="com.restaurante.dao.EmpresaPessoaRepositoryTest" time="0.001"/>
  <testcase name="deleteShouldRemoveData" classname="com.restaurante.dao.EmpresaPessoaRepositoryTest" time="0.001"/>
</testsuite>